Step1: (Rank7) Elapsed time in seconds: 262.15375162099997
Step1: (Rank5) Elapsed time in seconds: 262.193714389
Step1: (Rank6) Elapsed time in seconds: 262.221467839
Step1: (Rank3) Elapsed time in seconds: 262.251560472
Step1: (Rank2) Elapsed time in seconds: 262.332408728
Step1: (Rank0) Elapsed time in seconds: 266.19479279300003
Step1: (Rank1) Elapsed time in seconds: 266.64963496499996
Step1: (Rank4) Elapsed time in seconds: 269.32276730800004
Step2: (Rank7) Elapsed time in seconds: 9.757197427000001
Step2: (Rank5) Elapsed time in seconds: 10.449008513999999
Step2: (Rank6) Elapsed time in seconds: 11.464598306
Step2: (Rank3) Elapsed time in seconds: 12.268769905000001
Step2: (Rank4) Elapsed time in seconds: 12.284229855000001
Step2: (Rank2) Elapsed time in seconds: 15.185087808
Step2: (Rank1) Elapsed time in seconds: 17.884829332000002
Step2: (Rank0) Elapsed time in seconds: 30.213294318
Step3_Q1: (Rank4) Elapsed time in seconds: 0.11321276499999999
Step3_Q1: (Rank7) Elapsed time in seconds: 0.094737289
Step3_Q1: (Rank3) Elapsed time in seconds: 0.11018225399999992
Step3_Q1: (Rank6) Elapsed time in seconds: 0.10757000799999994
Step3_Q1: (Rank2) Elapsed time in seconds: 0.12329726799999996
Step3_Q1: (Rank1) Elapsed time in seconds: 0.15789867599999996
Step3_Q1: (Rank5) Elapsed time in seconds: 0.097327901
Q1:  The number of tweets in the various capital cities
                Greater Capital City  Number of Tweets Made
           2gmel (Greater Melbourne)                2286891
              1gsyd (Greater Sydney)                2218396
            3gbri (Greater Brisbane)                 859994
               5gper (Greater Perth)                 589322
            4gade (Greater Adelaide)                 465908
8acte (Australian Capital Territory)                 202646
              6ghob (Greater Hobart)                  90816
              7gdar (Greater Darwin)                  46357
           9oter (Other Territories)                    182


Step3_Q1: (Rank0) Elapsed time in seconds: 0.233979045
Step3_Q2: (Rank5) Elapsed time in seconds: 0.106546323
Step3_Q2: (Rank4) Elapsed time in seconds: 0.11727633299999995
Step3_Q2: (Rank6) Elapsed time in seconds: 0.11563690700000007
Step3_Q2: (Rank7) Elapsed time in seconds: 0.09505358799999997
Step3_Q2: (Rank3) Elapsed time in seconds: 0.11585901300000001
Step3_Q2: (Rank1) Elapsed time in seconds: 0.18594724299999998
Q2:  Top 10 tweeters (in terms of the number of tweets made)
Step3_Q2: (Rank2) Elapsed time in seconds: 0.13522618200000003
Rank           Author Id  Number of Tweets Made
  #1 1498063511204761601                  68477
  #2 1089023364973219840                  28128
  #3  826332877457481728                  27718
  #4 1250331934242123776                  25350
  #5 1423662808311287813                  21034
  #6 1183144981252280322                  20765
  #7 1270672820792508417                  20503
  #8  820431428835885059                  20063
  #9  778785859030003712                  19403
 #10 1104295492433764353                  18781


Step3_Q2: (Rank0) Elapsed time in seconds: 0.24837110299999998
Step3_Q3: (Rank7) Elapsed time in seconds: 0.34534187699999996
Step3_Q3: (Rank5) Elapsed time in seconds: 0.3864710979999999
Step3_Q3: (Rank6) Elapsed time in seconds: 0.42323679299999994
Step3_Q3: (Rank4) Elapsed time in seconds: 0.451913349
Step3_Q3: (Rank3) Elapsed time in seconds: 0.42962881200000014
Step3_Q3: (Rank2) Elapsed time in seconds: 0.545555711
Step3_Q3: (Rank1) Elapsed time in seconds: 0.745358767
Q3:  Tweeters that have tweeted in the most Greater Capital cities and the number of times they have tweeted from those locations
Rank           Author Id                                            Number of Unique City Locations and #Tweets
  #1 1429984556451389440         8 (#1921 tweets - 1880gmel, 13acte, 11gsyd, 7gper, 6gbri, 2gade, 1ghob, 1gdar)
  #2            17285408       8 (#1208 tweets - 1060gsyd, 60gmel, 40gbri, 23acte, 11ghob, 7gper, 4gdar, 3gade)
  #3  702290904460169216 8 (#1177 tweets - 327gsyd, 252gmel, 220gbri, 151gper, 119gade, 46acte, 42ghob, 20gdar)
  #4            87188071       8 (#401 tweets - 116gsyd, 86gmel, 65gbri, 51gper, 34acte, 29gade, 15ghob, 5gdar)
  #5  774694926135222272       8 (#272 tweets - 38gmel, 37gbri, 37gsyd, 36ghob, 34gper, 34acte, 28gade, 28gdar)
  #6          1361519083           8 (#266 tweets - 193gdar, 36gmel, 18gsyd, 9gade, 6acte, 2ghob, 1gbri, 1gper)
  #7           502381727            8 (#250 tweets - 214gmel, 10acte, 8ghob, 8gbri, 4gade, 3gper, 2gsyd, 1gdar)
  #8  921197448885886977          8 (#208 tweets - 58gmel, 49gsyd, 37gbri, 28gper, 24gade, 7acte, 4ghob, 1gdar)
  #9           601712763         8 (#146 tweets - 44gsyd, 39gmel, 19gade, 14gper, 11gbri, 10acte, 8ghob, 1gdar)
 #10          2647302752             8 (#80 tweets - 32gbri, 16gmel, 13gsyd, 5ghob, 4gper, 4acte, 3gdar, 3gade)


Step3_Q3: (Rank0) Elapsed time in seconds: 1.223665124
Job ID           : 46270646
Cluster          : spartan
User/Project     : jonghop/comp90024
Nodes            : 1
Wall-clock time  : 00:05:24 / 12:00:00

Displaying overall resources usage from 2023-04-11 12:30:52 to 2023-04-11 12:36:16:

NODE            CPU#        TOT%   ( USR   / SYS   / WIO   / IDLE  ) 

spartan-bm101 : 
                CPU# 1    : 85.7   (  83.5 /   2.2 /   0.0 /  14.3 ) 
                CPU# 2    : 84.5   (  83.0 /   1.5 /   0.0 /  15.5 ) 
                CPU# 3    : 85.9   (  83.7 /   2.2 /   0.0 /  14.1 ) 
                CPU# 4    : 84.6   (  82.8 /   1.8 /   0.0 /  15.4 ) 
                CPU# 5    : 83.9   (  82.4 /   1.4 /   0.0 /  16.1 ) 
                CPU# 6    : 88.4   (  86.0 /   2.4 /   0.0 /  11.6 ) 
                CPU# 7    : 88.2   (  86.2 /   2.0 /   0.0 /  11.8 ) 
                CPU# 8    : 92.4   (  89.8 /   2.6 /   0.0 /   7.6 ) 


Allocated CPUs            : 8    
  CPUs with usage <25%    : 0    
  CPUs with usage <50%    : 0    
  CPUs with usage >50%    : 8    

Memory used (RAM)         : 10.1%  [3236MB of 32000MB]

--------------------------------------------

